This file contains any messages produced by compilers while
running configure, to aid debugging if configure makes a mistake.

It was created by configure, which was
generated by GNU Autoconf 2.63.  Invocation command line was

  $ ./configure 

## --------- ##
## Platform. ##
## --------- ##

hostname = deepthree-All-Series
uname -m = x86_64
uname -r = 3.13.0-43-generic
uname -s = Linux
uname -v = #72-Ubuntu SMP Mon Dec 8 19:35:06 UTC 2014

/usr/bin/uname -p = unknown
/bin/uname -X     = unknown

/bin/arch              = unknown
/usr/bin/arch -k       = unknown
/usr/convex/getsysinfo = unknown
/usr/bin/hostinfo      = unknown
/bin/machine           = unknown
/usr/bin/oslevel       = unknown
/bin/universe          = unknown

PATH: /home/deepthree/ros_ws/devel/bin
PATH: /opt/ros/indigo/bin
PATH: /home/deepthree/Desktop/rnntools/theano-venv/bin
PATH: /usr/local/sbin
PATH: /usr/local/bin
PATH: /usr/sbin
PATH: /usr/bin
PATH: /sbin
PATH: /bin
PATH: /usr/local/cuda-7.0/bin/


## ----------- ##
## Core tests. ##
## ----------- ##

configure:2062: checking for a BSD-compatible install
configure:2130: result: /usr/bin/install -c
configure:2141: checking whether build environment is sane
configure:2184: result: yes
configure:2209: checking for a thread-safe mkdir -p
configure:2248: result: /bin/mkdir -p
configure:2261: checking for gawk
configure:2291: result: no
configure:2261: checking for mawk
configure:2277: found /usr/bin/mawk
configure:2288: result: mawk
configure:2299: checking whether make sets $(MAKE)
configure:2321: result: yes
configure:2553: checking for gcc
configure:2569: found /usr/bin/gcc
configure:2580: result: gcc
configure:2812: checking for C compiler version
configure:2820: gcc --version >&5
gcc (Ubuntu 4.8.2-19ubuntu1) 4.8.2
Copyright (C) 2013 Free Software Foundation, Inc.
This is free software; see the source for copying conditions.  There is NO
warranty; not even for MERCHANTABILITY or FITNESS FOR A PARTICULAR PURPOSE.

configure:2824: $? = 0
configure:2831: gcc -v >&5
Using built-in specs.
COLLECT_GCC=gcc
COLLECT_LTO_WRAPPER=/usr/lib/gcc/x86_64-linux-gnu/4.8/lto-wrapper
Target: x86_64-linux-gnu
Configured with: ../src/configure -v --with-pkgversion='Ubuntu 4.8.2-19ubuntu1' --with-bugurl=file:///usr/share/doc/gcc-4.8/README.Bugs --enable-languages=c,c++,java,go,d,fortran,objc,obj-c++ --prefix=/usr --program-suffix=-4.8 --enable-shared --enable-linker-build-id --libexecdir=/usr/lib --without-included-gettext --enable-threads=posix --with-gxx-include-dir=/usr/include/c++/4.8 --libdir=/usr/lib --enable-nls --with-sysroot=/ --enable-clocale=gnu --enable-libstdcxx-debug --enable-libstdcxx-time=yes --enable-gnu-unique-object --disable-libmudflap --enable-plugin --with-system-zlib --disable-browser-plugin --enable-java-awt=gtk --enable-gtk-cairo --with-java-home=/usr/lib/jvm/java-1.5.0-gcj-4.8-amd64/jre --enable-java-home --with-jvm-root-dir=/usr/lib/jvm/java-1.5.0-gcj-4.8-amd64 --with-jvm-jar-dir=/usr/lib/jvm-exports/java-1.5.0-gcj-4.8-amd64 --with-arch-directory=amd64 --with-ecj-jar=/usr/share/java/eclipse-ecj.jar --enable-objc-gc --enable-multiarch --disable-werror --with-arch-32=i686 --with-abi=m64 --with-multilib-list=m32,m64,mx32 --with-tune=generic --enable-checking=release --build=x86_64-linux-gnu --host=x86_64-linux-gnu --target=x86_64-linux-gnu
Thread model: posix
gcc version 4.8.2 (Ubuntu 4.8.2-19ubuntu1) 
configure:2835: $? = 0
configure:2842: gcc -V >&5
gcc: error: unrecognized command line option '-V'
gcc: fatal error: no input files
compilation terminated.
configure:2846: $? = 4
configure:2869: checking for C compiler default output file name
configure:2891: gcc    conftest.c  >&5
configure:2895: $? = 0
configure:2933: result: a.out
configure:2952: checking whether the C compiler works
configure:2962: ./a.out
configure:2966: $? = 0
configure:2985: result: yes
configure:2992: checking whether we are cross compiling
configure:2994: result: no
configure:2997: checking for suffix of executables
configure:3004: gcc -o conftest    conftest.c  >&5
configure:3008: $? = 0
configure:3034: result: 
configure:3040: checking for suffix of object files
configure:3066: gcc -c   conftest.c >&5
configure:3070: $? = 0
configure:3095: result: o
configure:3099: checking whether we are using the GNU C compiler
configure:3128: gcc -c   conftest.c >&5
configure:3135: $? = 0
configure:3152: result: yes
configure:3161: checking whether gcc accepts -g
configure:3191: gcc -c -g  conftest.c >&5
configure:3198: $? = 0
configure:3299: result: yes
configure:3316: checking for gcc option to accept ISO C89
configure:3390: gcc  -c -g -O2  conftest.c >&5
configure:3397: $? = 0
configure:3420: result: none needed
configure:3449: checking for style of include used by make
configure:3477: result: GNU
configure:3502: checking dependency style of gcc
configure:3593: result: gcc3
configure:3622: checking for a BSD-compatible install
configure:3690: result: /usr/bin/install -c
configure:3732: checking build system type
configure:3750: result: x86_64-unknown-linux-gnu
configure:3772: checking host system type
configure:3787: result: x86_64-unknown-linux-gnu
configure:3809: checking for a sed that does not truncate output
configure:3875: result: /bin/sed
configure:3893: checking for grep that handles long lines and -e
configure:3953: result: /bin/grep
configure:3958: checking for egrep
configure:4022: result: /bin/grep -E
configure:4027: checking for fgrep
configure:4091: result: /bin/grep -F
configure:4126: checking for ld used by gcc
configure:4193: result: /usr/bin/ld
configure:4202: checking if the linker (/usr/bin/ld) is GNU ld
configure:4217: result: yes
configure:4229: checking for BSD- or MS-compatible name lister (nm)
configure:4278: result: /usr/bin/nm -B
configure:4396: checking the name lister (/usr/bin/nm -B) interface
configure:4403: gcc -c -g -O2  conftest.c >&5
configure:4406: /usr/bin/nm -B "conftest.o"
configure:4409: output
0000000000000000 B some_variable
configure:4416: result: BSD nm
configure:4419: checking whether ln -s works
configure:4423: result: yes
configure:4431: checking the maximum length of command line arguments
configure:4551: result: 1572864
configure:4568: checking whether the shell understands some XSI constructs
configure:4578: result: yes
configure:4582: checking whether the shell understands "+="
configure:4588: result: yes
configure:4623: checking for /usr/bin/ld option to reload object files
configure:4630: result: -r
configure:4699: checking for objdump
configure:4715: found /usr/bin/objdump
configure:4726: result: objdump
configure:4758: checking how to recognize dependent libraries
configure:4954: result: pass_all
configure:5014: checking for ar
configure:5030: found /usr/bin/ar
configure:5041: result: ar
configure:5119: checking for strip
configure:5135: found /usr/bin/strip
configure:5146: result: strip
configure:5218: checking for ranlib
configure:5234: found /usr/bin/ranlib
configure:5245: result: ranlib
configure:5335: checking command to parse /usr/bin/nm -B output from gcc object
configure:5453: gcc -c -g -O2  conftest.c >&5
configure:5456: $? = 0
configure:5460: /usr/bin/nm -B conftest.o \| sed -n -e 's/^.*[	 ]\([ABCDGIRSTW][ABCDGIRSTW]*\)[	 ][	 ]*\([_A-Za-z][_A-Za-z0-9]*\)$/\1 \2 \2/p' \> conftest.nm
configure:5463: $? = 0
configure:5517: gcc -o conftest -g -O2   conftest.c conftstm.o >&5
configure:5520: $? = 0
configure:5558: result: ok
configure:5654: gcc -c -g -O2  conftest.c >&5
configure:5657: $? = 0
configure:6425: checking how to run the C preprocessor
configure:6465: gcc -E  conftest.c
configure:6472: $? = 0
configure:6503: gcc -E  conftest.c
conftest.c:10:28: fatal error: ac_nonexistent.h: No such file or directory
 #include <ac_nonexistent.h>
                            ^
compilation terminated.
configure:6510: $? = 1
configure: failed program was:
| /* confdefs.h.  */
| #define PACKAGE_NAME ""
| #define PACKAGE_TARNAME ""
| #define PACKAGE_VERSION ""
| #define PACKAGE_STRING ""
| #define PACKAGE_BUGREPORT ""
| #define PACKAGE "rlglue"
| #define VERSION "3.04"
| /* end confdefs.h.  */
| #include <ac_nonexistent.h>
configure:6543: result: gcc -E
configure:6572: gcc -E  conftest.c
configure:6579: $? = 0
configure:6610: gcc -E  conftest.c
conftest.c:10:28: fatal error: ac_nonexistent.h: No such file or directory
 #include <ac_nonexistent.h>
                            ^
compilation terminated.
configure:6617: $? = 1
configure: failed program was:
| /* confdefs.h.  */
| #define PACKAGE_NAME ""
| #define PACKAGE_TARNAME ""
| #define PACKAGE_VERSION ""
| #define PACKAGE_STRING ""
| #define PACKAGE_BUGREPORT ""
| #define PACKAGE "rlglue"
| #define VERSION "3.04"
| /* end confdefs.h.  */
| #include <ac_nonexistent.h>
configure:6657: checking for ANSI C header files
configure:6687: gcc -c -g -O2  conftest.c >&5
configure:6694: $? = 0
configure:6793: gcc -o conftest -g -O2   conftest.c  >&5
configure:6797: $? = 0
configure:6803: ./conftest
configure:6807: $? = 0
configure:6825: result: yes
configure:6849: checking for sys/types.h
configure:6870: gcc -c -g -O2  conftest.c >&5
configure:6877: $? = 0
configure:6894: result: yes
configure:6849: checking for sys/stat.h
configure:6870: gcc -c -g -O2  conftest.c >&5
configure:6877: $? = 0
configure:6894: result: yes
configure:6849: checking for stdlib.h
configure:6870: gcc -c -g -O2  conftest.c >&5
configure:6877: $? = 0
configure:6894: result: yes
configure:6849: checking for string.h
configure:6870: gcc -c -g -O2  conftest.c >&5
configure:6877: $? = 0
configure:6894: result: yes
configure:6849: checking for memory.h
configure:6870: gcc -c -g -O2  conftest.c >&5
configure:6877: $? = 0
configure:6894: result: yes
configure:6849: checking for strings.h
configure:6870: gcc -c -g -O2  conftest.c >&5
configure:6877: $? = 0
configure:6894: result: yes
configure:6849: checking for inttypes.h
configure:6870: gcc -c -g -O2  conftest.c >&5
configure:6877: $? = 0
configure:6894: result: yes
configure:6849: checking for stdint.h
configure:6870: gcc -c -g -O2  conftest.c >&5
configure:6877: $? = 0
configure:6894: result: yes
configure:6849: checking for unistd.h
configure:6870: gcc -c -g -O2  conftest.c >&5
configure:6877: $? = 0
configure:6894: result: yes
configure:6912: checking for dlfcn.h
configure:6933: gcc -c -g -O2  conftest.c >&5
configure:6940: $? = 0
configure:6957: result: yes
configure:7143: checking for objdir
configure:7158: result: .libs
configure:7450: checking if gcc supports -fno-rtti -fno-exceptions
configure:7468: gcc -c -g -O2  -fno-rtti -fno-exceptions conftest.c >&5
cc1: warning: command line option '-fno-rtti' is valid for C++/ObjC++ but not for C [enabled by default]
configure:7472: $? = 0
configure:7485: result: no
configure:7505: checking for gcc option to produce PIC
configure:7777: result: -fPIC -DPIC
configure:7789: checking if gcc PIC flag -fPIC -DPIC works
configure:7807: gcc -c -g -O2  -fPIC -DPIC -DPIC conftest.c >&5
configure:7811: $? = 0
configure:7824: result: yes
configure:7848: checking if gcc static flag -static works
configure:7876: result: yes
configure:7891: checking if gcc supports -c -o file.o
configure:7912: gcc -c -g -O2  -o out/conftest2.o conftest.c >&5
configure:7916: $? = 0
configure:7938: result: yes
configure:7946: checking if gcc supports -c -o file.o
configure:7993: result: yes
configure:8026: checking whether the gcc linker (/usr/bin/ld -m elf_x86_64) supports shared libraries
configure:9101: result: yes
configure:9138: checking whether -lc should be explicitly linked in
configure:9143: gcc -c -g -O2  conftest.c >&5
configure:9146: $? = 0
configure:9161: gcc -shared conftest.o  -v -Wl,-soname -Wl,conftest -o conftest 2\>\&1 \| /bin/grep  -lc  \>/dev/null 2\>\&1
configure:9164: $? = 0
configure:9176: result: no
configure:9340: checking dynamic linker characteristics
configure:9783: gcc -o conftest -g -O2   -Wl,-rpath -Wl,/foo conftest.c  >&5
configure:9790: $? = 0
configure:10035: result: GNU/Linux ld.so
configure:10137: checking how to hardcode library paths into programs
configure:10162: result: immediate
configure:10995: checking whether stripping libraries is possible
configure:11000: result: yes
configure:11035: checking if libtool supports shared libraries
configure:11037: result: yes
configure:11040: checking whether to build shared libraries
configure:11061: result: yes
configure:11064: checking whether to build static libraries
configure:11068: result: yes
configure:11105: checking whether to enable maintainer-specific portions of Makefiles
configure:11114: result: no
configure:11178: checking sys/time.h usability
configure:11195: gcc -c -g -O2  conftest.c >&5
configure:11202: $? = 0
configure:11216: result: yes
configure:11220: checking sys/time.h presence
configure:11235: gcc -E  conftest.c
configure:11242: $? = 0
configure:11256: result: yes
configure:11284: checking for sys/time.h
configure:11293: result: yes
configure:11312: checking for gettimeofday
configure:11368: gcc -o conftest -g -O2   conftest.c  >&5
configure:11375: $? = 0
configure:11397: result: yes
configure:11545: creating ./config.status

## ---------------------- ##
## Running config.status. ##
## ---------------------- ##

This file was extended by config.status, which was
generated by GNU Autoconf 2.63.  Invocation command line was

  CONFIG_FILES    = 
  CONFIG_HEADERS  = 
  CONFIG_LINKS    = 
  CONFIG_COMMANDS = 
  $ ./config.status 

on deepthree-All-Series

config.status:990: creating Makefile
config.status:990: creating src/Makefile
config.status:990: creating tests/Makefile
config.status:990: creating config/config.h
config.status:1264: executing depfiles commands
config.status:1264: executing libtool commands

## ---------------- ##
## Cache variables. ##
## ---------------- ##

ac_cv_build=x86_64-unknown-linux-gnu
ac_cv_c_compiler_gnu=yes
ac_cv_env_CC_set=
ac_cv_env_CC_value=
ac_cv_env_CFLAGS_set=
ac_cv_env_CFLAGS_value=
ac_cv_env_CPPFLAGS_set=
ac_cv_env_CPPFLAGS_value=
ac_cv_env_CPP_set=
ac_cv_env_CPP_value=
ac_cv_env_LDFLAGS_set=
ac_cv_env_LDFLAGS_value=
ac_cv_env_LIBS_set=
ac_cv_env_LIBS_value=
ac_cv_env_build_alias_set=
ac_cv_env_build_alias_value=
ac_cv_env_host_alias_set=
ac_cv_env_host_alias_value=
ac_cv_env_target_alias_set=
ac_cv_env_target_alias_value=
ac_cv_func_gettimeofday=yes
ac_cv_header_dlfcn_h=yes
ac_cv_header_inttypes_h=yes
ac_cv_header_memory_h=yes
ac_cv_header_stdc=yes
ac_cv_header_stdint_h=yes
ac_cv_header_stdlib_h=yes
ac_cv_header_string_h=yes
ac_cv_header_strings_h=yes
ac_cv_header_sys_stat_h=yes
ac_cv_header_sys_time_h=yes
ac_cv_header_sys_types_h=yes
ac_cv_header_unistd_h=yes
ac_cv_host=x86_64-unknown-linux-gnu
ac_cv_objext=o
ac_cv_path_EGREP='/bin/grep -E'
ac_cv_path_FGREP='/bin/grep -F'
ac_cv_path_GREP=/bin/grep
ac_cv_path_SED=/bin/sed
ac_cv_path_install='/usr/bin/install -c'
ac_cv_path_mkdir=/bin/mkdir
ac_cv_prog_AWK=mawk
ac_cv_prog_CPP='gcc -E'
ac_cv_prog_ac_ct_AR=ar
ac_cv_prog_ac_ct_CC=gcc
ac_cv_prog_ac_ct_OBJDUMP=objdump
ac_cv_prog_ac_ct_RANLIB=ranlib
ac_cv_prog_ac_ct_STRIP=strip
ac_cv_prog_cc_c89=
ac_cv_prog_cc_g=yes
ac_cv_prog_make_make_set=yes
am_cv_CC_dependencies_compiler_type=gcc3
lt_cv_deplibs_check_method=pass_all
lt_cv_file_magic_cmd='$MAGIC_CMD'
lt_cv_file_magic_test_file=
lt_cv_ld_reload_flag=-r
lt_cv_nm_interface='BSD nm'
lt_cv_objdir=.libs
lt_cv_path_LD=/usr/bin/ld
lt_cv_path_NM='/usr/bin/nm -B'
lt_cv_prog_compiler_c_o=yes
lt_cv_prog_compiler_pic_works=yes
lt_cv_prog_compiler_rtti_exceptions=no
lt_cv_prog_compiler_static_works=yes
lt_cv_prog_gnu_ld=yes
lt_cv_sys_global_symbol_pipe='sed -n -e '\''s/^.*[	 ]\([ABCDGIRSTW][ABCDGIRSTW]*\)[	 ][	 ]*\([_A-Za-z][_A-Za-z0-9]*\)$/\1 \2 \2/p'\'''
lt_cv_sys_global_symbol_to_c_name_address='sed -n -e '\''s/^: \([^ ]*\) $/  {\"\1\", (void *) 0},/p'\'' -e '\''s/^[ABCDGIRSTW]* \([^ ]*\) \([^ ]*\)$/  {"\2", (void *) \&\2},/p'\'''
lt_cv_sys_global_symbol_to_c_name_address_lib_prefix='sed -n -e '\''s/^: \([^ ]*\) $/  {\"\1\", (void *) 0},/p'\'' -e '\''s/^[ABCDGIRSTW]* \([^ ]*\) \(lib[^ ]*\)$/  {"\2", (void *) \&\2},/p'\'' -e '\''s/^[ABCDGIRSTW]* \([^ ]*\) \([^ ]*\)$/  {"lib\2", (void *) \&\2},/p'\'''
lt_cv_sys_global_symbol_to_cdecl='sed -n -e '\''s/^T .* \(.*\)$/extern int \1();/p'\'' -e '\''s/^[ABCDGIRSTW]* .* \(.*\)$/extern char \1;/p'\'''
lt_cv_sys_max_cmd_len=1572864

## ----------------- ##
## Output variables. ##
## ----------------- ##

ACLOCAL='${SHELL} /home/deepthree/Desktop/DQN/deep_q_rl/build/rlglue-3.04/config/missing --run aclocal-1.10'
AMDEPBACKSLASH='\'
AMDEP_FALSE='#'
AMDEP_TRUE=''
AMTAR='${SHELL} /home/deepthree/Desktop/DQN/deep_q_rl/build/rlglue-3.04/config/missing --run tar'
AR='ar'
AUTOCONF='${SHELL} /home/deepthree/Desktop/DQN/deep_q_rl/build/rlglue-3.04/config/missing --run autoconf'
AUTOHEADER='${SHELL} /home/deepthree/Desktop/DQN/deep_q_rl/build/rlglue-3.04/config/missing --run autoheader'
AUTOMAKE='${SHELL} /home/deepthree/Desktop/DQN/deep_q_rl/build/rlglue-3.04/config/missing --run automake-1.10'
AWK='mawk'
CC='gcc'
CCDEPMODE='depmode=gcc3'
CFLAGS='-g -O2'
CPP='gcc -E'
CPPFLAGS=''
CYGPATH_W='echo'
DEFS='-DHAVE_CONFIG_H'
DEPDIR='.deps'
DSYMUTIL=''
DUMPBIN=''
ECHO_C=''
ECHO_N='-n'
ECHO_T=''
EGREP='/bin/grep -E'
EXEEXT=''
FGREP='/bin/grep -F'
GREP='/bin/grep'
INSTALL_DATA='${INSTALL} -m 644'
INSTALL_PROGRAM='${INSTALL}'
INSTALL_SCRIPT='${INSTALL}'
INSTALL_STRIP_PROGRAM='$(install_sh) -c -s'
LD='/usr/bin/ld -m elf_x86_64'
LDFLAGS=''
LIBOBJS=''
LIBS=''
LIBTOOL='$(SHELL) $(top_builddir)/libtool'
LIPO=''
LN_S='ln -s'
LTLIBOBJS=''
MAINT='#'
MAINTAINER_MODE_FALSE=''
MAINTAINER_MODE_TRUE='#'
MAKEINFO='${SHELL} /home/deepthree/Desktop/DQN/deep_q_rl/build/rlglue-3.04/config/missing --run makeinfo'
MINGW_FALSE=''
MINGW_TRUE='#'
MKDIR_P='/bin/mkdir -p'
NM='/usr/bin/nm -B'
NMEDIT=''
OBJDUMP='objdump'
OBJEXT='o'
OTOOL64=''
OTOOL=''
PACKAGE='rlglue'
PACKAGE_BUGREPORT=''
PACKAGE_NAME=''
PACKAGE_STRING=''
PACKAGE_TARNAME=''
PACKAGE_VERSION=''
PATH_SEPARATOR=':'
RANLIB='ranlib'
SED='/bin/sed'
SET_MAKE=''
SHELL='/bin/bash'
STRIP='strip'
VERSION='3.04'
ac_ct_CC='gcc'
ac_ct_DUMPBIN=''
am__fastdepCC_FALSE='#'
am__fastdepCC_TRUE=''
am__include='include'
am__isrc=''
am__leading_dot='.'
am__quote=''
am__tar='${AMTAR} chof - "$$tardir"'
am__untar='${AMTAR} xf -'
bindir='${exec_prefix}/bin'
build='x86_64-unknown-linux-gnu'
build_alias=''
build_cpu='x86_64'
build_os='linux-gnu'
build_vendor='unknown'
datadir='${datarootdir}'
datarootdir='${prefix}/share'
docdir='${datarootdir}/doc/${PACKAGE}'
dvidir='${docdir}'
exec_prefix='${prefix}'
host='x86_64-unknown-linux-gnu'
host_alias=''
host_cpu='x86_64'
host_os='linux-gnu'
host_vendor='unknown'
htmldir='${docdir}'
includedir='${prefix}/include'
infodir='${datarootdir}/info'
install_sh='$(SHELL) /home/deepthree/Desktop/DQN/deep_q_rl/build/rlglue-3.04/config/install-sh'
libdir='${exec_prefix}/lib'
libexecdir='${exec_prefix}/libexec'
localedir='${datarootdir}/locale'
localstatedir='${prefix}/var'
lt_ECHO='echo'
mandir='${datarootdir}/man'
mkdir_p='/bin/mkdir -p'
oldincludedir='/usr/include'
pdfdir='${docdir}'
prefix='/usr/local'
program_transform_name='s,x,x,'
psdir='${docdir}'
sbindir='${exec_prefix}/sbin'
sharedstatedir='${prefix}/com'
sysconfdir='${prefix}/etc'
target_alias=''

## ----------- ##
## confdefs.h. ##
## ----------- ##

#define PACKAGE_NAME ""
#define PACKAGE_TARNAME ""
#define PACKAGE_VERSION ""
#define PACKAGE_STRING ""
#define PACKAGE_BUGREPORT ""
#define PACKAGE "rlglue"
#define VERSION "3.04"
#define STDC_HEADERS 1
#define HAVE_SYS_TYPES_H 1
#define HAVE_SYS_STAT_H 1
#define HAVE_STDLIB_H 1
#define HAVE_STRING_H 1
#define HAVE_MEMORY_H 1
#define HAVE_STRINGS_H 1
#define HAVE_INTTYPES_H 1
#define HAVE_STDINT_H 1
#define HAVE_UNISTD_H 1
#define HAVE_DLFCN_H 1
#define LT_OBJDIR ".libs/"
#define HAVE_SYS_TIME_H 1
#define HAVE_GETTIMEOFDAY 1

configure: exit 0
